-- 2024-01-16 08:47:56.9732 INFO[39] | Program.<Main>$. 
      MSG_CONTENT:Get data from appSettings success.
      EXXCEPTION:  | MESSAGE:
-- 2024-01-16 08:47:57.0387 ERROR[40] | Program.<Main>$. 
      MSG_CONTENT:Test log error
      EXXCEPTION:  | MESSAGE:
-- 2024-01-16 08:48:02.3791 ERROR[69] | Program.<Main>$. 
      MSG_CONTENT:Microsoft.EntityFrameworkCore.DbUpdateException: An error occurred while saving the entity changes. See the inner exception for details.
 ---> Microsoft.Data.SqlClient.SqlException (0x80131904): Invalid column name 'Id'.
   at Microsoft.Data.SqlClient.SqlConnection.OnError(SqlException exception, Boolean breakConnection, Action`1 wrapCloseInAction)
   at Microsoft.Data.SqlClient.SqlInternalConnection.OnError(SqlException exception, Boolean breakConnection, Action`1 wrapCloseInAction)
   at Microsoft.Data.SqlClient.TdsParser.ThrowExceptionAndWarning(TdsParserStateObject stateObj, Boolean callerHasConnectionLock, Boolean asyncClose)
   at Microsoft.Data.SqlClient.TdsParser.TryRun(RunBehavior runBehavior, SqlCommand cmdHandler, SqlDataReader dataStream, BulkCopySimpleResultSet bulkCopyHandler, TdsParserStateObject stateObj, Boolean& dataReady)
   at Microsoft.Data.SqlClient.SqlDataReader.TryConsumeMetaData()
   at Microsoft.Data.SqlClient.SqlDataReader.get_MetaData()
   at Microsoft.Data.SqlClient.SqlCommand.FinishExecuteReader(SqlDataReader ds, RunBehavior runBehavior, String resetOptionsString, Boolean isInternal, Boolean forDescribeParameterEncryption, Boolean shouldCacheForAlwaysEncrypted)
   at Microsoft.Data.SqlClient.SqlCommand.RunExecuteReaderTds(CommandBehavior cmdBehavior, RunBehavior runBehavior, Boolean returnStream, Boolean isAsync, Int32 timeout, Task& task, Boolean asyncWrite, Boolean inRetry, SqlDataReader ds, Boolean describeParameterEncryptionRequest)
   at Microsoft.Data.SqlClient.SqlCommand.RunExecuteReader(CommandBehavior cmdBehavior, RunBehavior runBehavior, Boolean returnStream, TaskCompletionSource`1 completion, Int32 timeout, Task& task, Boolean& usedCache, Boolean asyncWrite, Boolean inRetry, String method)
   at Microsoft.Data.SqlClient.SqlCommand.RunExecuteReader(CommandBehavior cmdBehavior, RunBehavior runBehavior, Boolean returnStream, String method)
   at Microsoft.Data.SqlClient.SqlCommand.ExecuteReader(CommandBehavior behavior)
   at Microsoft.Data.SqlClient.SqlCommand.ExecuteDbDataReader(CommandBehavior behavior)
   at Microsoft.EntityFrameworkCore.Storage.RelationalCommand.ExecuteReader(RelationalCommandParameterObject parameterObject)
   at Microsoft.EntityFrameworkCore.Update.ReaderModificationCommandBatch.Execute(IRelationalConnection connection)
ClientConnectionId:caf1dd4b-32dc-42c9-890c-5d74bf5df1c8
Error Number:207,State:1,Class:16
   --- End of inner exception stack trace ---
   at Microsoft.EntityFrameworkCore.Update.ReaderModificationCommandBatch.Execute(IRelationalConnection connection)
   at Microsoft.EntityFrameworkCore.SqlServer.Update.Internal.SqlServerModificationCommandBatch.Execute(IRelationalConnection connection)
   at Microsoft.EntityFrameworkCore.Update.Internal.BatchExecutor.Execute(IEnumerable`1 commandBatches, IRelationalConnection connection)
   at Microsoft.EntityFrameworkCore.Storage.RelationalDatabase.SaveChanges(IList`1 entries)
   at Microsoft.EntityFrameworkCore.ChangeTracking.Internal.StateManager.SaveChanges(IList`1 entriesToSave)
   at Microsoft.EntityFrameworkCore.ChangeTracking.Internal.StateManager.SaveChanges(StateManager stateManager, Boolean acceptAllChangesOnSuccess)
   at Microsoft.EntityFrameworkCore.ChangeTracking.Internal.StateManager.<>c.<SaveChanges>b__107_0(DbContext _, ValueTuple`2 t)
   at Microsoft.EntityFrameworkCore.SqlServer.Storage.Internal.SqlServerExecutionStrategy.Execute[TState,TResult](TState state, Func`3 operation, Func`3 verifySucceeded)
   at Microsoft.EntityFrameworkCore.ChangeTracking.Internal.StateManager.SaveChanges(Boolean acceptAllChangesOnSuccess)
   at Microsoft.EntityFrameworkCore.DbContext.SaveChanges(Boolean acceptAllChangesOnSuccess)
   at Microsoft.EntityFrameworkCore.DbContext.SaveChanges()
   at ICHI_CORE.Entities.DbInitializer.DbInitializer.Initialize() in D:\DoAn\API\ICHI_API\Entities\DbInitializer\DbInitializer.cs:line 89
   at Program.<<Main>$>g__SeedDatabase|0_3(<>c__DisplayClass0_0&) in D:\DoAn\API\ICHI_API\Program.cs:line 84
   at Program.<Main>$(String[] args) in D:\DoAn\API\ICHI_API\Program.cs:line 69
      EXXCEPTION:  | MESSAGE:
-- 2024-01-16 08:51:07.2933 INFO[39] | Program.<Main>$. 
      MSG_CONTENT:Get data from appSettings success.
      EXXCEPTION:  | MESSAGE:
-- 2024-01-16 08:51:07.3765 ERROR[40] | Program.<Main>$. 
      MSG_CONTENT:Test log error
      EXXCEPTION:  | MESSAGE:
-- 2024-01-16 09:05:52.5026 INFO[39] | Program.<Main>$. 
      MSG_CONTENT:Get data from appSettings success.
      EXXCEPTION:  | MESSAGE:
-- 2024-01-16 09:05:52.5818 ERROR[40] | Program.<Main>$. 
      MSG_CONTENT:Test log error
      EXXCEPTION:  | MESSAGE:
-- 2024-01-16 09:17:44.0676 INFO[39] | Program.<Main>$. 
      MSG_CONTENT:Get data from appSettings success.
      EXXCEPTION:  | MESSAGE:
-- 2024-01-16 09:17:44.1307 ERROR[40] | Program.<Main>$. 
      MSG_CONTENT:Test log error
      EXXCEPTION:  | MESSAGE:
-- 2024-01-16 09:45:01.3728 INFO[39] | Program.<Main>$. 
      MSG_CONTENT:Get data from appSettings success.
      EXXCEPTION:  | MESSAGE:
-- 2024-01-16 09:45:01.5030 ERROR[40] | Program.<Main>$. 
      MSG_CONTENT:Test log error
      EXXCEPTION:  | MESSAGE:
-- 2024-01-16 09:56:35.7369 INFO[39] | Program.<Main>$. 
      MSG_CONTENT:Get data from appSettings success.
      EXXCEPTION:  | MESSAGE:
-- 2024-01-16 09:56:35.8381 ERROR[40] | Program.<Main>$. 
      MSG_CONTENT:Test log error
      EXXCEPTION:  | MESSAGE:
-- 2024-01-16 10:03:14.3623 INFO[39] | Program.<Main>$. 
      MSG_CONTENT:Get data from appSettings success.
      EXXCEPTION:  | MESSAGE:
-- 2024-01-16 10:03:14.4517 ERROR[40] | Program.<Main>$. 
      MSG_CONTENT:Test log error
      EXXCEPTION:  | MESSAGE:
-- 2024-01-16 10:06:08.5396 INFO[39] | Program.<Main>$. 
      MSG_CONTENT:Get data from appSettings success.
      EXXCEPTION:  | MESSAGE:
-- 2024-01-16 10:06:08.6375 ERROR[40] | Program.<Main>$. 
      MSG_CONTENT:Test log error
      EXXCEPTION:  | MESSAGE:
-- 2024-01-16 10:07:37.1482 INFO[39] | Program.<Main>$. 
      MSG_CONTENT:Get data from appSettings success.
      EXXCEPTION:  | MESSAGE:
-- 2024-01-16 10:07:37.2158 ERROR[40] | Program.<Main>$. 
      MSG_CONTENT:Test log error
      EXXCEPTION:  | MESSAGE:
-- 2024-01-16 10:16:21.1635 INFO[39] | Program.<Main>$. 
      MSG_CONTENT:Get data from appSettings success.
      EXXCEPTION:  | MESSAGE:
-- 2024-01-16 10:16:21.3214 ERROR[40] | Program.<Main>$. 
      MSG_CONTENT:Test log error
      EXXCEPTION:  | MESSAGE:
-- 2024-01-16 10:22:30.9526 INFO[39] | Program.<Main>$. 
      MSG_CONTENT:Get data from appSettings success.
      EXXCEPTION:  | MESSAGE:
-- 2024-01-16 10:22:31.0166 ERROR[40] | Program.<Main>$. 
      MSG_CONTENT:Test log error
      EXXCEPTION:  | MESSAGE:
-- 2024-01-16 10:26:49.8171 INFO[39] | Program.<Main>$. 
      MSG_CONTENT:Get data from appSettings success.
      EXXCEPTION:  | MESSAGE:
-- 2024-01-16 10:26:49.9173 ERROR[40] | Program.<Main>$. 
      MSG_CONTENT:Test log error
      EXXCEPTION:  | MESSAGE:
-- 2024-01-16 10:33:42.7091 INFO[39] | Program.<Main>$. 
      MSG_CONTENT:Get data from appSettings success.
      EXXCEPTION:  | MESSAGE:
-- 2024-01-16 10:33:42.7942 ERROR[40] | Program.<Main>$. 
      MSG_CONTENT:Test log error
      EXXCEPTION:  | MESSAGE:
-- 2024-01-16 10:40:10.1085 INFO[39] | Program.<Main>$. 
      MSG_CONTENT:Get data from appSettings success.
      EXXCEPTION:  | MESSAGE:
-- 2024-01-16 10:40:10.2580 ERROR[40] | Program.<Main>$. 
      MSG_CONTENT:Test log error
      EXXCEPTION:  | MESSAGE:
-- 2024-01-16 10:42:15.7656 INFO[39] | Program.<Main>$. 
      MSG_CONTENT:Get data from appSettings success.
      EXXCEPTION:  | MESSAGE:
-- 2024-01-16 10:42:15.8526 ERROR[40] | Program.<Main>$. 
      MSG_CONTENT:Test log error
      EXXCEPTION:  | MESSAGE:
-- 2024-01-16 10:57:18.0461 INFO[39] | Program.<Main>$. 
      MSG_CONTENT:Get data from appSettings success.
      EXXCEPTION:  | MESSAGE:
-- 2024-01-16 10:57:18.1144 ERROR[40] | Program.<Main>$. 
      MSG_CONTENT:Test log error
      EXXCEPTION:  | MESSAGE:
-- 2024-01-16 11:29:37.4514 INFO[39] | Program.<Main>$. 
      MSG_CONTENT:Get data from appSettings success.
      EXXCEPTION:  | MESSAGE:
-- 2024-01-16 11:29:37.5346 ERROR[40] | Program.<Main>$. 
      MSG_CONTENT:Test log error
      EXXCEPTION:  | MESSAGE:
-- 2024-01-16 11:44:23.5183 INFO[39] | Program.<Main>$. 
      MSG_CONTENT:Get data from appSettings success.
      EXXCEPTION:  | MESSAGE:
-- 2024-01-16 11:44:23.6033 ERROR[40] | Program.<Main>$. 
      MSG_CONTENT:Test log error
      EXXCEPTION:  | MESSAGE:
-- 2024-01-16 11:46:43.0047 INFO[39] | Program.<Main>$. 
      MSG_CONTENT:Get data from appSettings success.
      EXXCEPTION:  | MESSAGE:
-- 2024-01-16 11:46:43.0923 ERROR[40] | Program.<Main>$. 
      MSG_CONTENT:Test log error
      EXXCEPTION:  | MESSAGE:
-- 2024-01-16 11:49:51.8013 INFO[39] | Program.<Main>$. 
      MSG_CONTENT:Get data from appSettings success.
      EXXCEPTION:  | MESSAGE:
-- 2024-01-16 11:49:51.9875 ERROR[40] | Program.<Main>$. 
      MSG_CONTENT:Test log error
      EXXCEPTION:  | MESSAGE:
-- 2024-01-16 11:52:30.3895 INFO[39] | Program.<Main>$. 
      MSG_CONTENT:Get data from appSettings success.
      EXXCEPTION:  | MESSAGE:
-- 2024-01-16 11:52:30.4613 ERROR[40] | Program.<Main>$. 
      MSG_CONTENT:Test log error
      EXXCEPTION:  | MESSAGE:
-- 2024-01-16 13:01:16.8932 INFO[39] | Program.<Main>$. 
      MSG_CONTENT:Get data from appSettings success.
      EXXCEPTION:  | MESSAGE:
-- 2024-01-16 13:01:16.9711 ERROR[40] | Program.<Main>$. 
      MSG_CONTENT:Test log error
      EXXCEPTION:  | MESSAGE:
-- 2024-01-16 13:02:04.6548 INFO[39] | Program.<Main>$. 
      MSG_CONTENT:Get data from appSettings success.
      EXXCEPTION:  | MESSAGE:
-- 2024-01-16 13:02:04.7410 ERROR[40] | Program.<Main>$. 
      MSG_CONTENT:Test log error
      EXXCEPTION:  | MESSAGE:
-- 2024-01-16 13:02:59.2779 INFO[39] | Program.<Main>$. 
      MSG_CONTENT:Get data from appSettings success.
      EXXCEPTION:  | MESSAGE:
-- 2024-01-16 13:02:59.4980 ERROR[40] | Program.<Main>$. 
      MSG_CONTENT:Test log error
      EXXCEPTION:  | MESSAGE:
-- 2024-01-16 13:03:33.8728 INFO[39] | Program.<Main>$. 
      MSG_CONTENT:Get data from appSettings success.
      EXXCEPTION:  | MESSAGE:
-- 2024-01-16 13:03:33.9294 ERROR[40] | Program.<Main>$. 
      MSG_CONTENT:Test log error
      EXXCEPTION:  | MESSAGE:
-- 2024-01-16 13:07:38.3563 INFO[39] | Program.<Main>$. 
      MSG_CONTENT:Get data from appSettings success.
      EXXCEPTION:  | MESSAGE:
-- 2024-01-16 13:07:38.4315 ERROR[40] | Program.<Main>$. 
      MSG_CONTENT:Test log error
      EXXCEPTION:  | MESSAGE:
-- 2024-01-16 13:11:54.6969 INFO[39] | Program.<Main>$. 
      MSG_CONTENT:Get data from appSettings success.
      EXXCEPTION:  | MESSAGE:
-- 2024-01-16 13:11:54.7569 ERROR[40] | Program.<Main>$. 
      MSG_CONTENT:Test log error
      EXXCEPTION:  | MESSAGE:
-- 2024-01-16 13:25:33.8599 INFO[39] | Program.<Main>$. 
      MSG_CONTENT:Get data from appSettings success.
      EXXCEPTION:  | MESSAGE:
-- 2024-01-16 13:25:34.0807 ERROR[40] | Program.<Main>$. 
      MSG_CONTENT:Test log error
      EXXCEPTION:  | MESSAGE:
-- 2024-01-16 13:32:09.5664 INFO[39] | Program.<Main>$. 
      MSG_CONTENT:Get data from appSettings success.
      EXXCEPTION:  | MESSAGE:
-- 2024-01-16 13:32:09.6884 ERROR[40] | Program.<Main>$. 
      MSG_CONTENT:Test log error
      EXXCEPTION:  | MESSAGE:
-- 2024-01-16 14:01:05.2366 INFO[39] | Program.<Main>$. 
      MSG_CONTENT:Get data from appSettings success.
      EXXCEPTION:  | MESSAGE:
-- 2024-01-16 14:01:05.3914 ERROR[40] | Program.<Main>$. 
      MSG_CONTENT:Test log error
      EXXCEPTION:  | MESSAGE:
-- 2024-01-16 14:01:23.8527 ERROR[32] | ICHI_CORE.Controllers.MasterController.ProductImagesController.UploadImage. 
      MSG_CONTENT:System.InvalidOperationException: A second operation was started on this context instance before a previous operation completed. This is usually caused by different threads concurrently using the same instance of DbContext. For more information on how to avoid threading issues with DbContext, see https://go.microsoft.com/fwlink/?linkid=2097913.
   at Microsoft.EntityFrameworkCore.Infrastructure.Internal.ConcurrencyDetector.EnterCriticalSection()
   at Microsoft.EntityFrameworkCore.Query.Internal.SingleQueryingEnumerable`1.Enumerator.MoveNext()
   at System.Linq.Enumerable.TryGetSingle[TSource](IEnumerable`1 source, Boolean& found)
   at lambda_method23(Closure, QueryContext)
   at Microsoft.EntityFrameworkCore.Query.Internal.QueryCompiler.Execute[TResult](Expression query)
   at Microsoft.EntityFrameworkCore.Query.Internal.EntityQueryProvider.Execute[TResult](Expression expression)
   at ICHI_CORE.Controllers.MasterController.ProductImagesController.UploadImage(List`1 productImages) in D:\DoAn\API\ICHI_API\Controllers\MasterController\ProductImagesController.cs:line 32
      EXXCEPTION:  | MESSAGE:
-- 2024-01-16 14:01:45.9013 INFO[39] | Program.<Main>$. 
      MSG_CONTENT:Get data from appSettings success.
      EXXCEPTION:  | MESSAGE:
-- 2024-01-16 14:01:46.0797 ERROR[40] | Program.<Main>$. 
      MSG_CONTENT:Test log error
      EXXCEPTION:  | MESSAGE:
-- 2024-01-16 14:04:57.2936 INFO[39] | Program.<Main>$. 
      MSG_CONTENT:Get data from appSettings success.
      EXXCEPTION:  | MESSAGE:
-- 2024-01-16 14:04:57.4437 ERROR[40] | Program.<Main>$. 
      MSG_CONTENT:Test log error
      EXXCEPTION:  | MESSAGE:
-- 2024-01-16 14:10:07.9313 INFO[39] | Program.<Main>$. 
      MSG_CONTENT:Get data from appSettings success.
      EXXCEPTION:  | MESSAGE:
-- 2024-01-16 14:10:08.0932 ERROR[40] | Program.<Main>$. 
      MSG_CONTENT:Test log error
      EXXCEPTION:  | MESSAGE:
-- 2024-01-16 14:14:12.4014 INFO[39] | Program.<Main>$. 
      MSG_CONTENT:Get data from appSettings success.
      EXXCEPTION:  | MESSAGE:
-- 2024-01-16 14:14:12.5261 ERROR[40] | Program.<Main>$. 
      MSG_CONTENT:Test log error
      EXXCEPTION:  | MESSAGE:
-- 2024-01-16 14:21:09.4773 INFO[39] | Program.<Main>$. 
      MSG_CONTENT:Get data from appSettings success.
      EXXCEPTION:  | MESSAGE:
-- 2024-01-16 14:21:09.5704 ERROR[40] | Program.<Main>$. 
      MSG_CONTENT:Test log error
      EXXCEPTION:  | MESSAGE:
-- 2024-01-16 14:22:42.1030 INFO[39] | Program.<Main>$. 
      MSG_CONTENT:Get data from appSettings success.
      EXXCEPTION:  | MESSAGE:
-- 2024-01-16 14:22:42.2184 ERROR[40] | Program.<Main>$. 
      MSG_CONTENT:Test log error
      EXXCEPTION:  | MESSAGE:
-- 2024-01-16 14:25:36.4646 INFO[39] | Program.<Main>$. 
      MSG_CONTENT:Get data from appSettings success.
      EXXCEPTION:  | MESSAGE:
-- 2024-01-16 14:25:36.5974 ERROR[40] | Program.<Main>$. 
      MSG_CONTENT:Test log error
      EXXCEPTION:  | MESSAGE:
-- 2024-01-16 14:32:35.0467 INFO[39] | Program.<Main>$. 
      MSG_CONTENT:Get data from appSettings success.
      EXXCEPTION:  | MESSAGE:
-- 2024-01-16 14:32:35.1268 ERROR[40] | Program.<Main>$. 
      MSG_CONTENT:Test log error
      EXXCEPTION:  | MESSAGE:
