-- 2024-02-26 21:16:44.3264 INFO[38] | Program.<Main>$. 
      MSG_CONTENT:Get data from appSettings success.
      EXXCEPTION:  | MESSAGE:
-- 2024-02-26 21:16:44.4379 ERROR[39] | Program.<Main>$. 
      MSG_CONTENT:Test log error
      EXXCEPTION:  | MESSAGE:
-- 2024-02-26 21:31:12.4572 INFO[38] | Program.<Main>$. 
      MSG_CONTENT:Get data from appSettings success.
      EXXCEPTION:  | MESSAGE:
-- 2024-02-26 21:31:12.5326 ERROR[39] | Program.<Main>$. 
      MSG_CONTENT:Test log error
      EXXCEPTION:  | MESSAGE:
-- 2024-02-26 21:31:26.3322 ERROR[80] | ICHI_CORE.Controllers.MasterController.CategoryProductController.FindAll. 
      MSG_CONTENT:No property or field 'desc' exists in type 'CategoryProduct' (at index 0)
   at System.Linq.Dynamic.Core.Parser.ExpressionParser.ParseMemberAccess(Type type, Expression expression)
   at System.Linq.Dynamic.Core.Parser.ExpressionParser.ParseIdentifier()
   at System.Linq.Dynamic.Core.Parser.ExpressionParser.ParsePrimaryStart()
   at System.Linq.Dynamic.Core.Parser.ExpressionParser.ParsePrimary()
   at System.Linq.Dynamic.Core.Parser.ExpressionParser.ParseUnary()
   at System.Linq.Dynamic.Core.Parser.ExpressionParser.ParseArithmetic()
   at System.Linq.Dynamic.Core.Parser.ExpressionParser.ParseAdditive()
   at System.Linq.Dynamic.Core.Parser.ExpressionParser.ParseShiftOperator()
   at System.Linq.Dynamic.Core.Parser.ExpressionParser.ParseComparisonOperator()
   at System.Linq.Dynamic.Core.Parser.ExpressionParser.ParseLogicalAndOrOperator()
   at System.Linq.Dynamic.Core.Parser.ExpressionParser.ParseIn()
   at System.Linq.Dynamic.Core.Parser.ExpressionParser.ParseAndOperator()
   at System.Linq.Dynamic.Core.Parser.ExpressionParser.ParseOrOperator()
   at System.Linq.Dynamic.Core.Parser.ExpressionParser.ParseLambdaOperator()
   at System.Linq.Dynamic.Core.Parser.ExpressionParser.ParseNullCoalescingOperator()
   at System.Linq.Dynamic.Core.Parser.ExpressionParser.ParseConditionalOperator()
   at System.Linq.Dynamic.Core.Parser.ExpressionParser.ParseOrdering(Boolean forceThenBy)
   at System.Linq.Dynamic.Core.DynamicQueryableExtensions.InternalOrderBy(IQueryable source, ParsingConfig config, String ordering, Object comparer, Object[] args)
   at System.Linq.Dynamic.Core.DynamicQueryableExtensions.OrderBy(IQueryable source, ParsingConfig config, String ordering, Object[] args)
   at System.Linq.Dynamic.Core.DynamicQueryableExtensions.OrderBy[TSource](IQueryable`1 source, ParsingConfig config, String ordering, Object[] args)
   at System.Linq.Dynamic.Core.DynamicQueryableExtensions.OrderBy[TSource](IQueryable`1 source, String ordering, Object[] args)
   at ICHI_CORE.Controllers.MasterController.CategoryProductController.FindAll(String name, Int32 pageSize, Int32 pageNumber, String sortDir, String sortBy) in D:\DoAn\ICHI\ICHI-E-COMMERCE\ICHI_API\Controllers\MasterController\CategoryProductController.cs:line 80
      EXXCEPTION:  | MESSAGE:
-- 2024-02-26 21:32:51.1353 ERROR[80] | ICHI_CORE.Controllers.MasterController.CategoryProductController.FindAll. 
      MSG_CONTENT:No property or field 'desc' exists in type 'CategoryProduct' (at index 0)
   at System.Linq.Dynamic.Core.Parser.ExpressionParser.ParseMemberAccess(Type type, Expression expression)
   at System.Linq.Dynamic.Core.Parser.ExpressionParser.ParseIdentifier()
   at System.Linq.Dynamic.Core.Parser.ExpressionParser.ParsePrimaryStart()
   at System.Linq.Dynamic.Core.Parser.ExpressionParser.ParsePrimary()
   at System.Linq.Dynamic.Core.Parser.ExpressionParser.ParseUnary()
   at System.Linq.Dynamic.Core.Parser.ExpressionParser.ParseArithmetic()
   at System.Linq.Dynamic.Core.Parser.ExpressionParser.ParseAdditive()
   at System.Linq.Dynamic.Core.Parser.ExpressionParser.ParseShiftOperator()
   at System.Linq.Dynamic.Core.Parser.ExpressionParser.ParseComparisonOperator()
   at System.Linq.Dynamic.Core.Parser.ExpressionParser.ParseLogicalAndOrOperator()
   at System.Linq.Dynamic.Core.Parser.ExpressionParser.ParseIn()
   at System.Linq.Dynamic.Core.Parser.ExpressionParser.ParseAndOperator()
   at System.Linq.Dynamic.Core.Parser.ExpressionParser.ParseOrOperator()
   at System.Linq.Dynamic.Core.Parser.ExpressionParser.ParseLambdaOperator()
   at System.Linq.Dynamic.Core.Parser.ExpressionParser.ParseNullCoalescingOperator()
   at System.Linq.Dynamic.Core.Parser.ExpressionParser.ParseConditionalOperator()
   at System.Linq.Dynamic.Core.Parser.ExpressionParser.ParseOrdering(Boolean forceThenBy)
   at System.Linq.Dynamic.Core.DynamicQueryableExtensions.InternalOrderBy(IQueryable source, ParsingConfig config, String ordering, Object comparer, Object[] args)
   at System.Linq.Dynamic.Core.DynamicQueryableExtensions.OrderBy(IQueryable source, ParsingConfig config, String ordering, Object[] args)
   at System.Linq.Dynamic.Core.DynamicQueryableExtensions.OrderBy[TSource](IQueryable`1 source, ParsingConfig config, String ordering, Object[] args)
   at System.Linq.Dynamic.Core.DynamicQueryableExtensions.OrderBy[TSource](IQueryable`1 source, String ordering, Object[] args)
   at ICHI_CORE.Controllers.MasterController.CategoryProductController.FindAll(String name, Int32 pageSize, Int32 pageNumber, String sortDir, String sortBy) in D:\DoAn\ICHI\ICHI-E-COMMERCE\ICHI_API\Controllers\MasterController\CategoryProductController.cs:line 80
      EXXCEPTION:  | MESSAGE:
-- 2024-02-26 21:43:39.4032 INFO[38] | Program.<Main>$. 
      MSG_CONTENT:Get data from appSettings success.
      EXXCEPTION:  | MESSAGE:
-- 2024-02-26 21:43:39.5041 ERROR[39] | Program.<Main>$. 
      MSG_CONTENT:Test log error
      EXXCEPTION:  | MESSAGE:
-- 2024-02-26 21:45:21.3653 INFO[38] | Program.<Main>$. 
      MSG_CONTENT:Get data from appSettings success.
      EXXCEPTION:  | MESSAGE:
-- 2024-02-26 21:45:21.4819 ERROR[39] | Program.<Main>$. 
      MSG_CONTENT:Test log error
      EXXCEPTION:  | MESSAGE:
-- 2024-02-26 22:18:11.0812 INFO[38] | Program.<Main>$. 
      MSG_CONTENT:Get data from appSettings success.
      EXXCEPTION:  | MESSAGE:
-- 2024-02-26 22:18:11.1768 ERROR[39] | Program.<Main>$. 
      MSG_CONTENT:Test log error
      EXXCEPTION:  | MESSAGE:
-- 2024-02-26 22:49:17.0968 INFO[38] | Program.<Main>$. 
      MSG_CONTENT:Get data from appSettings success.
      EXXCEPTION:  | MESSAGE:
-- 2024-02-26 22:49:17.1675 ERROR[39] | Program.<Main>$. 
      MSG_CONTENT:Test log error
      EXXCEPTION:  | MESSAGE:
-- 2024-02-26 22:49:48.5087 INFO[38] | Program.<Main>$. 
      MSG_CONTENT:Get data from appSettings success.
      EXXCEPTION:  | MESSAGE:
-- 2024-02-26 22:49:48.6742 ERROR[39] | Program.<Main>$. 
      MSG_CONTENT:Test log error
      EXXCEPTION:  | MESSAGE:
