-- 2024-02-19 08:40:26.1751 INFO[38] | Program.<Main>$. 
      MSG_CONTENT:Get data from appSettings success.
      EXXCEPTION:  | MESSAGE:
-- 2024-02-19 08:40:26.2803 ERROR[39] | Program.<Main>$. 
      MSG_CONTENT:Test log error
      EXXCEPTION:  | MESSAGE:
-- 2024-02-19 13:09:02.7567 INFO[38] | Program.<Main>$. 
      MSG_CONTENT:Get data from appSettings success.
      EXXCEPTION:  | MESSAGE:
-- 2024-02-19 13:09:02.8823 ERROR[39] | Program.<Main>$. 
      MSG_CONTENT:Test log error
      EXXCEPTION:  | MESSAGE:
-- 2024-02-19 13:09:35.6475 ERROR[0] | ICHI_CORE.Controllers.BaseController.BaseController`1.FindAll. 
      MSG_CONTENT:User | FindAll | Exception: No property or field 'Id' exists in type 'User' (at index 0)
   at System.Linq.Dynamic.Core.Parser.ExpressionParser.ParseMemberAccess(Type type, Expression expression)
   at System.Linq.Dynamic.Core.Parser.ExpressionParser.ParseIdentifier()
   at System.Linq.Dynamic.Core.Parser.ExpressionParser.ParsePrimaryStart()
   at System.Linq.Dynamic.Core.Parser.ExpressionParser.ParsePrimary()
   at System.Linq.Dynamic.Core.Parser.ExpressionParser.ParseUnary()
   at System.Linq.Dynamic.Core.Parser.ExpressionParser.ParseArithmetic()
   at System.Linq.Dynamic.Core.Parser.ExpressionParser.ParseAdditive()
   at System.Linq.Dynamic.Core.Parser.ExpressionParser.ParseShiftOperator()
   at System.Linq.Dynamic.Core.Parser.ExpressionParser.ParseComparisonOperator()
   at System.Linq.Dynamic.Core.Parser.ExpressionParser.ParseLogicalAndOrOperator()
   at System.Linq.Dynamic.Core.Parser.ExpressionParser.ParseIn()
   at System.Linq.Dynamic.Core.Parser.ExpressionParser.ParseAndOperator()
   at System.Linq.Dynamic.Core.Parser.ExpressionParser.ParseOrOperator()
   at System.Linq.Dynamic.Core.Parser.ExpressionParser.ParseLambdaOperator()
   at System.Linq.Dynamic.Core.Parser.ExpressionParser.ParseNullCoalescingOperator()
   at System.Linq.Dynamic.Core.Parser.ExpressionParser.ParseConditionalOperator()
   at System.Linq.Dynamic.Core.Parser.ExpressionParser.ParseOrdering(Boolean forceThenBy)
   at System.Linq.Dynamic.Core.DynamicQueryableExtensions.InternalOrderBy(IQueryable source, ParsingConfig config, String ordering, Object comparer, Object[] args)
   at System.Linq.Dynamic.Core.DynamicQueryableExtensions.OrderBy(IQueryable source, ParsingConfig config, String ordering, Object[] args)
   at System.Linq.Dynamic.Core.DynamicQueryableExtensions.OrderBy[TSource](IQueryable`1 source, ParsingConfig config, String ordering, Object[] args)
   at System.Linq.Dynamic.Core.DynamicQueryableExtensions.OrderBy[TSource](IQueryable`1 source, String ordering, Object[] args)
   at ICHI_CORE.Controllers.BaseController.BaseController`1.FindAll(PaginationParams paginationParams)
      EXXCEPTION:  | MESSAGE:
-- 2024-02-19 13:09:56.5005 ERROR[91] | ICHI_CORE.Controllers.BaseController.BaseController`1.FindAll. 
      MSG_CONTENT:CategoryProduct | FindAll | Exception: System.InvalidOperationException: The LINQ expression 'DbSet<CategoryProduct>()
    .Where(c => __Functions_0
        .Like(
            matchExpression: c.SearchName, 
            pattern: __Format_1))' could not be translated. Additional information: Translation of member 'SearchName' on entity type 'CategoryProduct' failed. This commonly occurs when the specified member is unmapped. Either rewrite the query in a form that can be translated, or switch to client evaluation explicitly by inserting a call to 'AsEnumerable', 'AsAsyncEnumerable', 'ToList', or 'ToListAsync'. See https://go.microsoft.com/fwlink/?linkid=2101038 for more information.
   at Microsoft.EntityFrameworkCore.Query.QueryableMethodTranslatingExpressionVisitor.<VisitMethodCall>g__CheckTranslated|15_0(ShapedQueryExpression translated, <>c__DisplayClass15_0&)
   at Microsoft.EntityFrameworkCore.Query.QueryableMethodTranslatingExpressionVisitor.VisitMethodCall(MethodCallExpression methodCallExpression)
   at Microsoft.EntityFrameworkCore.Query.RelationalQueryableMethodTranslatingExpressionVisitor.VisitMethodCall(MethodCallExpression methodCallExpression)
   at Microsoft.EntityFrameworkCore.Query.QueryableMethodTranslatingExpressionVisitor.VisitMethodCall(MethodCallExpression methodCallExpression)
   at Microsoft.EntityFrameworkCore.Query.RelationalQueryableMethodTranslatingExpressionVisitor.VisitMethodCall(MethodCallExpression methodCallExpression)
   at Microsoft.EntityFrameworkCore.Query.QueryableMethodTranslatingExpressionVisitor.VisitMethodCall(MethodCallExpression methodCallExpression)
   at Microsoft.EntityFrameworkCore.Query.RelationalQueryableMethodTranslatingExpressionVisitor.VisitMethodCall(MethodCallExpression methodCallExpression)
   at Microsoft.EntityFrameworkCore.Query.QueryCompilationContext.CreateQueryExecutor[TResult](Expression query)
   at Microsoft.EntityFrameworkCore.Storage.Database.CompileQuery[TResult](Expression query, Boolean async)
   at Microsoft.EntityFrameworkCore.Query.Internal.QueryCompiler.CompileQueryCore[TResult](IDatabase database, Expression query, IModel model, Boolean async)
   at Microsoft.EntityFrameworkCore.Query.Internal.QueryCompiler.<>c__DisplayClass12_0`1.<ExecuteAsync>b__0()
   at Microsoft.EntityFrameworkCore.Query.Internal.CompiledQueryCache.GetOrAddQuery[TResult](Object cacheKey, Func`1 compiler)
   at Microsoft.EntityFrameworkCore.Query.Internal.QueryCompiler.ExecuteAsync[TResult](Expression query, CancellationToken cancellationToken)
   at Microsoft.EntityFrameworkCore.Query.Internal.EntityQueryProvider.ExecuteAsync[TResult](Expression expression, CancellationToken cancellationToken)
   at Microsoft.EntityFrameworkCore.EntityFrameworkQueryableExtensions.ExecuteAsync[TSource,TResult](MethodInfo operatorMethodInfo, IQueryable`1 source, Expression expression, CancellationToken cancellationToken)
   at Microsoft.EntityFrameworkCore.EntityFrameworkQueryableExtensions.ExecuteAsync[TSource,TResult](MethodInfo operatorMethodInfo, IQueryable`1 source, CancellationToken cancellationToken)
   at Microsoft.EntityFrameworkCore.EntityFrameworkQueryableExtensions.CountAsync[TSource](IQueryable`1 source, CancellationToken cancellationToken)
   at API.Helpers.PagedList`1.CreateAsync(IQueryable`1 source, Int32 pageNumber, Int32 pageSize)
   at ICHI_CORE.Controllers.BaseController.BaseController`1.FindAll(PaginationParams paginationParams) in D:\Code\ICHI-E-COMMERCE\ICHI_API\Controllers\BaseController\BaseController.cs:line 91
      EXXCEPTION:  | MESSAGE:
-- 2024-02-19 13:26:35.7158 INFO[38] | Program.<Main>$. 
      MSG_CONTENT:Get data from appSettings success.
      EXXCEPTION:  | MESSAGE:
-- 2024-02-19 13:26:35.7664 ERROR[39] | Program.<Main>$. 
      MSG_CONTENT:Test log error
      EXXCEPTION:  | MESSAGE:
-- 2024-02-19 13:27:34.0136 INFO[38] | Program.<Main>$. 
      MSG_CONTENT:Get data from appSettings success.
      EXXCEPTION:  | MESSAGE:
-- 2024-02-19 13:27:34.0511 ERROR[39] | Program.<Main>$. 
      MSG_CONTENT:Test log error
      EXXCEPTION:  | MESSAGE:
-- 2024-02-19 13:28:40.1182 INFO[38] | Program.<Main>$. 
      MSG_CONTENT:Get data from appSettings success.
      EXXCEPTION:  | MESSAGE:
-- 2024-02-19 13:28:40.1537 ERROR[39] | Program.<Main>$. 
      MSG_CONTENT:Test log error
      EXXCEPTION:  | MESSAGE:
-- 2024-02-19 13:29:24.7353 INFO[38] | Program.<Main>$. 
      MSG_CONTENT:Get data from appSettings success.
      EXXCEPTION:  | MESSAGE:
-- 2024-02-19 13:29:24.7745 ERROR[39] | Program.<Main>$. 
      MSG_CONTENT:Test log error
      EXXCEPTION:  | MESSAGE:
-- 2024-02-19 13:30:41.8950 INFO[38] | Program.<Main>$. 
      MSG_CONTENT:Get data from appSettings success.
      EXXCEPTION:  | MESSAGE:
-- 2024-02-19 13:30:41.9465 ERROR[39] | Program.<Main>$. 
      MSG_CONTENT:Test log error
      EXXCEPTION:  | MESSAGE:
-- 2024-02-19 13:31:37.6962 INFO[38] | Program.<Main>$. 
      MSG_CONTENT:Get data from appSettings success.
      EXXCEPTION:  | MESSAGE:
-- 2024-02-19 13:31:37.7394 ERROR[39] | Program.<Main>$. 
      MSG_CONTENT:Test log error
      EXXCEPTION:  | MESSAGE:
-- 2024-02-19 13:35:35.6980 INFO[38] | Program.<Main>$. 
      MSG_CONTENT:Get data from appSettings success.
      EXXCEPTION:  | MESSAGE:
-- 2024-02-19 13:35:35.7984 ERROR[39] | Program.<Main>$. 
      MSG_CONTENT:Test log error
      EXXCEPTION:  | MESSAGE:
-- 2024-02-19 13:36:17.5464 INFO[38] | Program.<Main>$. 
      MSG_CONTENT:Get data from appSettings success.
      EXXCEPTION:  | MESSAGE:
-- 2024-02-19 13:36:17.5910 ERROR[39] | Program.<Main>$. 
      MSG_CONTENT:Test log error
      EXXCEPTION:  | MESSAGE:
-- 2024-02-19 13:39:44.6387 INFO[38] | Program.<Main>$. 
      MSG_CONTENT:Get data from appSettings success.
      EXXCEPTION:  | MESSAGE:
-- 2024-02-19 13:39:44.6806 ERROR[39] | Program.<Main>$. 
      MSG_CONTENT:Test log error
      EXXCEPTION:  | MESSAGE:
-- 2024-02-19 13:40:16.3834 INFO[38] | Program.<Main>$. 
      MSG_CONTENT:Get data from appSettings success.
      EXXCEPTION:  | MESSAGE:
-- 2024-02-19 13:40:16.4309 ERROR[39] | Program.<Main>$. 
      MSG_CONTENT:Test log error
      EXXCEPTION:  | MESSAGE:
-- 2024-02-19 17:50:39.2218 INFO[38] | Program.<Main>$. 
      MSG_CONTENT:Get data from appSettings success.
      EXXCEPTION:  | MESSAGE:
-- 2024-02-19 17:50:39.2987 ERROR[39] | Program.<Main>$. 
      MSG_CONTENT:Test log error
      EXXCEPTION:  | MESSAGE:
-- 2024-02-19 17:51:11.9237 INFO[38] | Program.<Main>$. 
      MSG_CONTENT:Get data from appSettings success.
      EXXCEPTION:  | MESSAGE:
-- 2024-02-19 17:51:11.9616 ERROR[39] | Program.<Main>$. 
      MSG_CONTENT:Test log error
      EXXCEPTION:  | MESSAGE:
-- 2024-02-19 19:11:16.8472 INFO[38] | Program.<Main>$. 
      MSG_CONTENT:Get data from appSettings success.
      EXXCEPTION:  | MESSAGE:
-- 2024-02-19 19:11:16.8880 ERROR[39] | Program.<Main>$. 
      MSG_CONTENT:Test log error
      EXXCEPTION:  | MESSAGE:
-- 2024-02-19 19:34:13.9899 INFO[38] | Program.<Main>$. 
      MSG_CONTENT:Get data from appSettings success.
      EXXCEPTION:  | MESSAGE:
-- 2024-02-19 19:34:14.0430 ERROR[39] | Program.<Main>$. 
      MSG_CONTENT:Test log error
      EXXCEPTION:  | MESSAGE:
-- 2024-02-19 19:36:05.3928 INFO[38] | Program.<Main>$. 
      MSG_CONTENT:Get data from appSettings success.
      EXXCEPTION:  | MESSAGE:
-- 2024-02-19 19:36:05.4288 ERROR[39] | Program.<Main>$. 
      MSG_CONTENT:Test log error
      EXXCEPTION:  | MESSAGE:
-- 2024-02-19 19:41:35.3459 INFO[38] | Program.<Main>$. 
      MSG_CONTENT:Get data from appSettings success.
      EXXCEPTION:  | MESSAGE:
-- 2024-02-19 19:41:35.4036 ERROR[39] | Program.<Main>$. 
      MSG_CONTENT:Test log error
      EXXCEPTION:  | MESSAGE:
-- 2024-02-19 21:38:26.8479 INFO[38] | Program.<Main>$. 
      MSG_CONTENT:Get data from appSettings success.
      EXXCEPTION:  | MESSAGE:
-- 2024-02-19 21:38:27.0031 ERROR[39] | Program.<Main>$. 
      MSG_CONTENT:Test log error
      EXXCEPTION:  | MESSAGE:
