-- 2024-02-27 14:39:36.5511 INFO[38] | Program.<Main>$. 
      MSG_CONTENT:Get data from appSettings success.
      EXXCEPTION:  | MESSAGE:
-- 2024-02-27 14:39:36.6465 ERROR[39] | Program.<Main>$. 
      MSG_CONTENT:Test log error
      EXXCEPTION:  | MESSAGE:
-- 2024-02-27 15:59:49.8978 INFO[38] | Program.<Main>$. 
      MSG_CONTENT:Get data from appSettings success.
      EXXCEPTION:  | MESSAGE:
-- 2024-02-27 15:59:49.9678 ERROR[39] | Program.<Main>$. 
      MSG_CONTENT:Test log error
      EXXCEPTION:  | MESSAGE:
-- 2024-02-27 23:45:35.8562 INFO[38] | Program.<Main>$. 
      MSG_CONTENT:Get data from appSettings success.
      EXXCEPTION:  | MESSAGE:
-- 2024-02-27 23:45:35.9741 ERROR[39] | Program.<Main>$. 
      MSG_CONTENT:Test log error
      EXXCEPTION:  | MESSAGE:
-- 2024-02-27 23:57:34.3680 INFO[38] | Program.<Main>$. 
      MSG_CONTENT:Get data from appSettings success.
      EXXCEPTION:  | MESSAGE:
-- 2024-02-27 23:57:34.4578 ERROR[39] | Program.<Main>$. 
      MSG_CONTENT:Test log error
      EXXCEPTION:  | MESSAGE:
-- 2024-02-27 23:58:14.4802 INFO[38] | Program.<Main>$. 
      MSG_CONTENT:Get data from appSettings success.
      EXXCEPTION:  | MESSAGE:
-- 2024-02-27 23:58:14.6142 ERROR[39] | Program.<Main>$. 
      MSG_CONTENT:Test log error
      EXXCEPTION:  | MESSAGE:
