-- 2024-01-18 13:14:25.5103 INFO[39] | Program.<Main>$. 
      MSG_CONTENT:Get data from appSettings success.
      EXXCEPTION:  | MESSAGE:
-- 2024-01-18 13:14:25.5835 ERROR[40] | Program.<Main>$. 
      MSG_CONTENT:Test log error
      EXXCEPTION:  | MESSAGE:
-- 2024-01-18 13:32:31.6511 INFO[39] | Program.<Main>$. 
      MSG_CONTENT:Get data from appSettings success.
      EXXCEPTION:  | MESSAGE:
-- 2024-01-18 13:32:31.7389 ERROR[40] | Program.<Main>$. 
      MSG_CONTENT:Test log error
      EXXCEPTION:  | MESSAGE:
-- 2024-01-18 13:33:06.7888 INFO[39] | Program.<Main>$. 
      MSG_CONTENT:Get data from appSettings success.
      EXXCEPTION:  | MESSAGE:
-- 2024-01-18 13:33:06.8624 ERROR[40] | Program.<Main>$. 
      MSG_CONTENT:Test log error
      EXXCEPTION:  | MESSAGE:
-- 2024-01-18 13:35:03.9322 INFO[39] | Program.<Main>$. 
      MSG_CONTENT:Get data from appSettings success.
      EXXCEPTION:  | MESSAGE:
-- 2024-01-18 13:35:04.0301 ERROR[40] | Program.<Main>$. 
      MSG_CONTENT:Test log error
      EXXCEPTION:  | MESSAGE:
-- 2024-01-18 13:38:56.3344 INFO[39] | Program.<Main>$. 
      MSG_CONTENT:Get data from appSettings success.
      EXXCEPTION:  | MESSAGE:
-- 2024-01-18 13:38:56.4273 ERROR[40] | Program.<Main>$. 
      MSG_CONTENT:Test log error
      EXXCEPTION:  | MESSAGE:
-- 2024-01-18 13:49:49.1775 INFO[38] | Program.<Main>$. 
      MSG_CONTENT:Get data from appSettings success.
      EXXCEPTION:  | MESSAGE:
-- 2024-01-18 13:49:49.2809 ERROR[39] | Program.<Main>$. 
      MSG_CONTENT:Test log error
      EXXCEPTION:  | MESSAGE:
